<?xml version="1.0" encoding="UTF-8"?>
<testsuite xmlns:xsi="http://www.w3.org/2001/XMLSchema-instance" xsi:noNamespaceSchemaLocation="https://maven.apache.org/surefire/maven-surefire-plugin/xsd/surefire-test-report-3.0.xsd" version="3.0" name="kg.nurtelecom.opinion.controller.api.ConTest" time="12.885" tests="3" errors="0" skipped="0" failures="0">
  <properties>
[...]
</properties>
  <testcase name="getArticlesWithoutTokenShouldReturnOkResponseEntityStatusCode" classname="kg.nurtelecom.opinion.controller.api.ConTest" time="0.421">
    <system-out><![CDATA[20:00:16.744 [main] INFO org.springframework.test.context.support.AnnotationConfigContextLoaderUtils -- Could not detect default configuration classes for test class [kg.nurtelecom.opinion.controller.api.ConTest]: ConTest does not declare any static, non-private, non-final, nested classes annotated with @Configuration.
20:00:16.976 [main] INFO org.springframework.boot.test.context.SpringBootTestContextBootstrapper -- Found @SpringBootConfiguration kg.nurtelecom.opinion.OpinionApplication for test class kg.nurtelecom.opinion.controller.api.ConTest

  .   ____          _            __ _ _
 /\\ / ___'_ __ _ _(_)_ __  __ _ \ \ \ \
( ( )\___ | '_ | '_| | '_ \/ _` | \ \ \ \
 \\/  ___)| |_)| | | | | || (_| |  ) ) ) )
  '  |____| .__|_| |_|_| |_\__, | / / / /
 =========|_|==============|___/=/_/_/_/
 :: Spring Boot ::                (v3.2.1)

2024-02-16T20:00:17.520+06:00  INFO 8300 --- [           main] k.n.opinion.controller.api.ConTest       : Starting ConTest using Java 20.0.1 with PID 8300 (started by david in X:\Projects\Opinion\Backend)
2024-02-16T20:00:17.522+06:00  INFO 8300 --- [           main] k.n.opinion.controller.api.ConTest       : No active profile set, falling back to 1 default profile: "default"
2024-02-16T20:00:19.281+06:00  INFO 8300 --- [           main] .s.d.r.c.RepositoryConfigurationDelegate : Bootstrapping Spring Data JPA repositories in DEFAULT mode.
2024-02-16T20:00:19.461+06:00  INFO 8300 --- [           main] .s.d.r.c.RepositoryConfigurationDelegate : Finished Spring Data repository scanning in 163 ms. Found 11 JPA repository interfaces.
2024-02-16T20:00:21.003+06:00  INFO 8300 --- [           main] o.s.b.w.embedded.tomcat.TomcatWebServer  : Tomcat initialized with port 0 (http)
2024-02-16T20:00:21.024+06:00  INFO 8300 --- [           main] o.apache.catalina.core.StandardService   : Starting service [Tomcat]
2024-02-16T20:00:21.025+06:00  INFO 8300 --- [           main] o.apache.catalina.core.StandardEngine    : Starting Servlet engine: [Apache Tomcat/10.1.17]
2024-02-16T20:00:21.122+06:00  INFO 8300 --- [           main] o.a.c.c.C.[Tomcat].[localhost].[/]       : Initializing Spring embedded WebApplicationContext
2024-02-16T20:00:21.124+06:00  INFO 8300 --- [           main] w.s.c.ServletWebServerApplicationContext : Root WebApplicationContext: initialization completed in 3571 ms
2024-02-16T20:00:21.777+06:00  INFO 8300 --- [           main] o.hibernate.jpa.internal.util.LogHelper  : HHH000204: Processing PersistenceUnitInfo [name: default]
2024-02-16T20:00:21.854+06:00  INFO 8300 --- [           main] org.hibernate.Version                    : HHH000412: Hibernate ORM core version 6.4.1.Final
2024-02-16T20:00:21.910+06:00  INFO 8300 --- [           main] o.h.c.internal.RegionFactoryInitiator    : HHH000026: Second-level cache disabled
2024-02-16T20:00:22.079+06:00  INFO 8300 --- [           main] o.s.o.j.p.SpringPersistenceUnitInfo      : No LoadTimeWeaver setup: ignoring JPA class transformer
2024-02-16T20:00:22.116+06:00  INFO 8300 --- [           main] com.zaxxer.hikari.HikariDataSource       : HikariPool-1 - Starting...
2024-02-16T20:00:22.367+06:00  INFO 8300 --- [           main] com.zaxxer.hikari.pool.HikariPool        : HikariPool-1 - Added connection com.mysql.cj.jdbc.ConnectionImpl@5c519da4
2024-02-16T20:00:22.369+06:00  INFO 8300 --- [           main] com.zaxxer.hikari.HikariDataSource       : HikariPool-1 - Start completed.
2024-02-16T20:00:22.463+06:00  WARN 8300 --- [           main] org.hibernate.dialect.Dialect            : HHH000511: The 5.6.51 version for [org.hibernate.dialect.MySQLDialect] is no longer supported, hence certain features may not work properly. The minimum supported version is 8.0.0. Check the community dialects project for available legacy versions.
2024-02-16T20:00:23.619+06:00  INFO 8300 --- [           main] o.h.e.t.j.p.i.JtaPlatformInitiator       : HHH000489: No JTA platform available (set 'hibernate.transaction.jta.platform' to enable JTA platform integration)
2024-02-16T20:00:23.940+06:00  INFO 8300 --- [           main] j.LocalContainerEntityManagerFactoryBean : Initialized JPA EntityManagerFactory for persistence unit 'default'
2024-02-16T20:00:24.825+06:00  INFO 8300 --- [           main] o.s.d.j.r.query.QueryEnhancerFactory     : Hibernate is in classpath; If applicable, HQL parser will be used.
2024-02-16T20:00:26.202+06:00  WARN 8300 --- [           main] JpaBaseConfiguration$JpaWebConfiguration : spring.jpa.open-in-view is enabled by default. Therefore, database queries may be performed during view rendering. Explicitly configure spring.jpa.open-in-view to disable this warning
2024-02-16T20:00:26.986+06:00  INFO 8300 --- [           main] o.s.b.a.e.web.EndpointLinksResolver      : Exposing 1 endpoint(s) beneath base path '/actuator'
2024-02-16T20:00:27.084+06:00  INFO 8300 --- [           main] o.s.s.web.DefaultSecurityFilterChain     : Will secure any request with [org.springframework.security.web.session.DisableEncodeUrlFilter@35a0ae34, org.springframework.security.web.context.request.async.WebAsyncManagerIntegrationFilter@1b731e52, org.springframework.security.web.context.SecurityContextHolderFilter@11518582, org.springframework.security.web.header.HeaderWriterFilter@24411981, org.springframework.web.filter.CorsFilter@4971134b, org.springframework.security.web.authentication.logout.LogoutFilter@187a5b38, kg.nurtelecom.opinion.filter.JwtAuthenticationFilter@79e2bc7d, org.springframework.security.web.savedrequest.RequestCacheAwareFilter@1990d2bb, org.springframework.security.web.servletapi.SecurityContextHolderAwareRequestFilter@6b620300, org.springframework.security.web.authentication.AnonymousAuthenticationFilter@7f418762, org.springframework.security.web.session.SessionManagementFilter@4704ad3f, org.springframework.security.web.access.ExceptionTranslationFilter@1939ecca, org.springframework.security.web.access.intercept.AuthorizationFilter@53d161a5]
2024-02-16T20:00:27.993+06:00  INFO 8300 --- [           main] o.s.b.w.embedded.tomcat.TomcatWebServer  : Tomcat started on port 51253 (http) with context path ''
2024-02-16T20:00:28.014+06:00  INFO 8300 --- [           main] k.n.opinion.controller.api.ConTest       : Started ConTest in 10.887 seconds (process running for 14.739)
2024-02-16T20:00:28.307+06:00  INFO 8300 --- [o-auto-1-exec-1] o.a.c.c.C.[Tomcat].[localhost].[/]       : Initializing Spring DispatcherServlet 'dispatcherServlet'
2024-02-16T20:00:28.307+06:00  INFO 8300 --- [o-auto-1-exec-1] o.s.web.servlet.DispatcherServlet        : Initializing Servlet 'dispatcherServlet'
2024-02-16T20:00:28.308+06:00  INFO 8300 --- [o-auto-1-exec-1] o.s.web.servlet.DispatcherServlet        : Completed initialization in 1 ms
eyJhbGciOiJIUzI1NiJ9.eyJzdWIiOiJkc3h2cXFAZ21haWwuY29tIiwiaWF0IjoxNzA4MDkyMDI4LCJleHAiOjE3MDgxMjgwMjh9.cbR44BkDegWFPj78iufl6G2Mg5AkndVpuDTQxOyVtPQ
]]></system-out>
  </testcase>
  <testcase name="getExistingArticleWithoutTokenShouldReturnOkResponseEntityStatusCode" classname="kg.nurtelecom.opinion.controller.api.ConTest" time="0.073"/>
  <testcase name="getNotExistingArticleWithoutTokenShouldReturnBadRequestResponseEntityStatusCode" classname="kg.nurtelecom.opinion.controller.api.ConTest" time="0.03"/>
</testsuite>